-------------------------------------------------------------------------------
Test set: com.tecnotab.limits.CurrencyExchangeServiceApplicationTests
-------------------------------------------------------------------------------
Tests run: 1, Failures: 0, Errors: 1, Skipped: 0, Time elapsed: 0.786 s <<< FAILURE! - in com.tecnotab.limits.CurrencyExchangeServiceApplicationTests
com.tecnotab.limits.CurrencyExchangeServiceApplicationTests  Time elapsed: 0.784 s  <<< ERROR!
java.lang.IllegalStateException: Unable to find a @SpringBootConfiguration, you need to use @ContextConfiguration or @SpringBootTest(classes=...) with your test

